nohup: ignoring input

======================================================================
  ROUND 2: Successive Halving - Extended Training
  8 promoted configs × 5000 batches each
  Early stopping: patience=10, minDelta=0.0001
======================================================================

Promoted configs (sorted by Round 1 val PER):
  1. transformer_256d_4L_8H_512ff (R1 PER: 0.6103)
  2. transformer_512d_6L_4H_1024ff (R1 PER: 0.6104)
  3. transformer_256d_4L_4H_1024ff (R1 PER: 0.6115)
  4. transformer_512d_4L_4H_1024ff (R1 PER: 0.6154)
  5. transformer_512d_4L_8H_2048ff (R1 PER: 0.6291)
  6. transformer_512d_6L_8H_2048ff (R1 PER: 0.6437)
  7. transformer_256d_6L_4H_512ff (R1 PER: 0.6493)
  8. transformer_512d_4L_4H_2048ff (R1 PER: 0.6506)


[1/8] Running: transformer_256d_4L_8H_512ff
  d_model=256, layers=4, heads=8, d_ff=512
  Round 1 val PER: 0.6103
  Train batch 0: loss: 247.52 gradNorm: 219.60 time 9.93
  Val batch 0: CER: 1.6892 time 4.35
  Train batch 1: loss: 191.37 gradNorm: 196.68 time 1.43
  Train batch 2: loss: 202.38 gradNorm: 182.69 time 1.22
  Train batch 3: loss: 182.98 gradNorm: 180.89 time 1.50
  Train batch 4: loss: 379.72 gradNorm: 347.60 time 2.80
  Train batch 5: loss: 181.97 gradNorm: 176.31 time 1.29
  Train batch 6: loss: 235.53 gradNorm: 211.61 time 0.90
  Train batch 7: loss: 208.64 gradNorm: 187.09 time 1.69
  Train batch 8: loss: 210.40 gradNorm: 188.18 time 1.60
  Train batch 9: loss: 185.00 gradNorm: 184.39 time 0.91
  Train batch 10: loss: 229.08 gradNorm: 186.86 time 1.96
  Train batch 11: loss: 193.65 gradNorm: 192.30 time 0.85
  Train batch 12: loss: 360.96 gradNorm: 326.13 time 2.15
  Train batch 13: loss: 240.72 gradNorm: 209.85 time 1.30
  Train batch 14: loss: 189.56 gradNorm: 194.85 time 0.93
  Train batch 15: loss: 203.85 gradNorm: 199.88 time 1.57
  Train batch 16: loss: 194.07 gradNorm: 182.92 time 1.01
  Train batch 17: loss: 205.94 gradNorm: 181.84 time 0.98
  Train batch 18: loss: 188.79 gradNorm: 171.29 time 0.93
  Train batch 19: loss: 407.92 gradNorm: 368.47 time 1.96
  Train batch 20: loss: 215.41 gradNorm: 194.13 time 1.12
  Train batch 21: loss: 186.12 gradNorm: 179.79 time 0.79
  Train batch 22: loss: 197.28 gradNorm: 195.88 time 0.92
  Train batch 23: loss: 211.76 gradNorm: 199.28 time 1.26
  Train batch 24: loss: 190.06 gradNorm: 211.24 time 1.41
  Train batch 25: loss: 209.29 gradNorm: 193.68 time 1.20
  Train batch 26: loss: 194.81 gradNorm: 196.00 time 1.07
  Train batch 27: loss: 182.89 gradNorm: 190.84 time 0.84
  Train batch 28: loss: 198.61 gradNorm: 186.70 time 0.88
  Train batch 29: loss: 384.72 gradNorm: 407.50 time 2.11
  Train batch 30: loss: 177.87 gradNorm: 191.83 time 0.86
  Train batch 31: loss: 192.12 gradNorm: 220.57 time 0.94
  Train batch 32: loss: 190.54 gradNorm: 220.91 time 0.87
  Train batch 33: loss: 241.20 gradNorm: 234.16 time 1.00
  Train batch 34: loss: 193.03 gradNorm: 188.77 time 0.92
  Train batch 35: loss: 192.05 gradNorm: 200.58 time 1.18
  Train batch 36: loss: 216.05 gradNorm: 206.90 time 1.21
  Train batch 37: loss: 328.30 gradNorm: 313.20 time 1.80
  Train batch 38: loss: 205.06 gradNorm: 246.92 time 1.09
  Train batch 39: loss: 186.11 gradNorm: 218.90 time 0.92
  Train batch 40: loss: 201.09 gradNorm: 205.43 time 0.99
  Train batch 41: loss: 185.67 gradNorm: 223.70 time 1.39
  Train batch 42: loss: 170.94 gradNorm: 223.57 time 0.87
  Train batch 43: loss: 198.61 gradNorm: 213.30 time 1.09
  Train batch 44: loss: 183.78 gradNorm: 218.65 time 0.84
  Train batch 45: loss: 179.45 gradNorm: 206.40 time 0.78
  Train batch 46: loss: 189.54 gradNorm: 228.52 time 1.11
  Train batch 47: loss: 339.39 gradNorm: 389.48 time 2.00
  Train batch 48: loss: 198.72 gradNorm: 252.82 time 0.78
  Train batch 49: loss: 183.64 gradNorm: 262.84 time 1.01
  Train batch 50: loss: 177.01 gradNorm: 257.87 time 0.97
  Train batch 51: loss: 175.12 gradNorm: 279.53 time 0.82
  Train batch 52: loss: 168.13 gradNorm: 216.06 time 0.90
  Train batch 53: loss: 189.19 gradNorm: 275.14 time 0.87
  Train batch 54: loss: 182.21 gradNorm: 223.71 time 0.89
  Train batch 55: loss: 220.35 gradNorm: 268.64 time 1.34
  Train batch 56: loss: 195.78 gradNorm: 240.35 time 1.17
  Train batch 57: loss: 225.38 gradNorm: 293.15 time 1.09
  Train batch 58: loss: 237.94 gradNorm: 306.07 time 1.51
  Train batch 59: loss: 225.19 gradNorm: 281.35 time 1.00
  Train batch 60: loss: 171.18 gradNorm: 234.35 time 0.80
  Train batch 61: loss: 188.92 gradNorm: 271.88 time 1.00
  Train batch 62: loss: 182.30 gradNorm: 250.89 time 1.02
  Train batch 63: loss: 163.74 gradNorm: 244.87 time 0.87
  Train batch 64: loss: 173.92 gradNorm: 242.07 time 0.92
  Train batch 65: loss: 343.08 gradNorm: 474.37 time 2.28
  Train batch 66: loss: 344.73 gradNorm: 449.30 time 2.07
  Train batch 67: loss: 165.98 gradNorm: 228.70 time 1.00
  Train batch 68: loss: 195.96 gradNorm: 267.84 time 1.17
  Train batch 69: loss: 193.86 gradNorm: 248.41 time 0.99
  Train batch 70: loss: 295.83 gradNorm: 379.24 time 1.65
  Train batch 71: loss: 136.93 gradNorm: 180.69 time 0.79
  Train batch 72: loss: 158.54 gradNorm: 210.58 time 0.79
  Train batch 73: loss: 150.33 gradNorm: 210.06 time 0.81
  Train batch 74: loss: 168.82 gradNorm: 225.18 time 1.18
  Train batch 75: loss: 162.43 gradNorm: 219.06 time 0.89
  Train batch 76: loss: 179.93 gradNorm: 250.84 time 0.91
  Train batch 77: loss: 152.25 gradNorm: 212.39 time 0.71
  Train batch 78: loss: 161.75 gradNorm: 210.05 time 0.86
  Train batch 79: loss: 172.88 gradNorm: 221.92 time 1.40
  Train batch 80: loss: 170.02 gradNorm: 223.90 time 1.12
  Train batch 81: loss: 191.96 gradNorm: 250.76 time 0.80
  Train batch 82: loss: 182.94 gradNorm: 256.39 time 0.98
  Train batch 83: loss: 279.25 gradNorm: 379.85 time 1.70
  Train batch 84: loss: 312.73 gradNorm: 410.86 time 1.99
  Train batch 85: loss: 152.24 gradNorm: 199.84 time 0.89
  Train batch 86: loss: 283.99 gradNorm: 369.57 time 1.74
  Train batch 87: loss: 173.81 gradNorm: 232.82 time 1.07
  Train batch 88: loss: 286.47 gradNorm: 372.49 time 1.69
  Train batch 89: loss: 137.59 gradNorm: 167.65 time 0.80
  Train batch 90: loss: 167.62 gradNorm: 251.67 time 0.92
  Train batch 91: loss: 145.03 gradNorm: 211.49 time 1.04
  Train batch 92: loss: 193.30 gradNorm: 254.62 time 0.88
  Train batch 93: loss: 181.82 gradNorm: 255.13 time 0.91
  Train batch 94: loss: 136.28 gradNorm: 192.84 time 0.81
  Train batch 95: loss: 146.91 gradNorm: 202.89 time 0.89
  Train batch 96: loss: 272.50 gradNorm: 382.05 time 1.98
  Train batch 97: loss: 289.66 gradNorm: 416.26 time 2.00
  Train batch 98: loss: 171.40 gradNorm: 232.17 time 0.90
  Train batch 99: loss: 140.20 gradNorm: 183.90 time 0.94
  Train batch 100: loss: 130.22 gradNorm: 179.73 time 0.77
  Train batch 101: loss: 134.18 gradNorm: 197.46 time 0.82
  Train batch 102: loss: 160.42 gradNorm: 222.56 time 0.99
  Train batch 103: loss: 133.09 gradNorm: 165.29 time 0.81
  Train batch 104: loss: 128.01 gradNorm: 159.27 time 1.10
  Train batch 105: loss: 151.70 gradNorm: 197.37 time 1.08
  Train batch 106: loss: 129.62 gradNorm: 173.15 time 0.98
  Train batch 107: loss: 159.31 gradNorm: 238.72 time 0.94
  Train batch 108: loss: 135.80 gradNorm: 200.04 time 1.00
  Train batch 109: loss: 125.82 gradNorm: 145.69 time 0.99
  Train batch 110: loss: 243.73 gradNorm: 358.99 time 1.98
  Train batch 111: loss: 121.03 gradNorm: 157.05 time 0.90
  Train batch 112: loss: 152.32 gradNorm: 235.81 time 1.29
  Train batch 113: loss: 122.94 gradNorm: 163.78 time 0.92
  Train batch 114: loss: 113.10 gradNorm: 131.31 time 1.09
  Train batch 115: loss: 119.83 gradNorm: 152.08 time 1.10
  Train batch 116: loss: 120.54 gradNorm: 160.93 time 0.91
  Train batch 117: loss: 117.47 gradNorm: 152.43 time 0.79
  Train batch 118: loss: 102.62 gradNorm: 119.05 time 0.78
  Train batch 119: loss: 148.34 gradNorm: 186.30 time 1.01
  Train batch 120: loss: 122.02 gradNorm: 147.38 time 0.97
  Train batch 121: loss: 115.72 gradNorm: 119.91 time 0.81
  Train batch 122: loss: 123.42 gradNorm: 144.57 time 1.02
  Train batch 123: loss: 212.54 gradNorm: 289.69 time 2.10
  Train batch 124: loss: 110.08 gradNorm: 102.12 time 0.97
  Train batch 125: loss: 131.27 gradNorm: 111.10 time 1.01
  Train batch 126: loss: 116.92 gradNorm: 119.40 time 1.08
  Train batch 127: loss: 113.15 gradNorm: 142.76 time 1.01
  Train batch 128: loss: 106.93 gradNorm: 88.09 time 1.30
  Train batch 129: loss: 123.95 gradNorm: 115.96 time 1.02
  Train batch 130: loss: 112.12 gradNorm: 80.80 time 0.91
  Train batch 131: loss: 113.19 gradNorm: 135.08 time 0.95
  Train batch 132: loss: 135.04 gradNorm: 127.89 time 1.43
  Train batch 133: loss: 101.70 gradNorm: 69.07 time 0.79
  Train batch 134: loss: 111.62 gradNorm: 77.26 time 1.41
  Train batch 135: loss: 119.27 gradNorm: 121.88 time 0.99
  Train batch 136: loss: 102.60 gradNorm: 71.66 time 0.78
  Train batch 137: loss: 132.58 gradNorm: 103.36 time 1.01
  Train batch 138: loss: 103.58 gradNorm: 79.19 time 0.82
  Train batch 139: loss: 106.82 gradNorm: 69.39 time 1.09
  Train batch 140: loss: 108.90 gradNorm: 69.93 time 0.98
  Train batch 141: loss: 102.01 gradNorm: 72.34 time 0.92
  Train batch 142: loss: 122.02 gradNorm: 78.42 time 1.16
  Train batch 143: loss: 121.95 gradNorm: 81.91 time 0.82
  Train batch 144: loss: 104.53 gradNorm: 74.30 time 0.79
  Train batch 145: loss: 188.03 gradNorm: 152.98 time 2.02
  Train batch 146: loss: 115.78 gradNorm: 69.83 time 1.18
  Train batch 147: loss: 104.36 gradNorm: 73.27 time 0.80
  Train batch 148: loss: 164.93 gradNorm: 126.37 time 1.80
  Train batch 149: loss: 107.08 gradNorm: 68.43 time 0.85
  Train batch 150: loss: 104.45 gradNorm: 87.41 time 1.01
  Train batch 151: loss: 116.64 gradNorm: 75.04 time 0.98
  Train batch 152: loss: 100.16 gradNorm: 62.43 time 0.87
  Train batch 153: loss: 125.48 gradNorm: 82.70 time 0.90
  Train batch 154: loss: 97.10 gradNorm: 69.81 time 0.90
  Train batch 155: loss: 99.22 gradNorm: 63.52 time 0.91
  Train batch 156: loss: 98.62 gradNorm: 68.47 time 0.81
  Train batch 157: loss: 109.86 gradNorm: 74.38 time 0.98
  Train batch 158: loss: 103.18 gradNorm: 64.75 time 0.84
  Train batch 159: loss: 97.24 gradNorm: 72.35 time 0.87
  Train batch 160: loss: 103.95 gradNorm: 69.07 time 0.91
  Train batch 161: loss: 98.22 gradNorm: 66.38 time 0.81
  Train batch 162: loss: 107.18 gradNorm: 71.15 time 1.06
  Train batch 163: loss: 118.95 gradNorm: 71.35 time 0.94
  Train batch 164: loss: 100.66 gradNorm: 78.25 time 1.07
  Train batch 165: loss: 100.03 gradNorm: 67.93 time 0.90
  Train batch 166: loss: 177.89 gradNorm: 121.72 time 2.00
  Train batch 167: loss: 100.73 gradNorm: 73.29 time 1.09
  Train batch 168: loss: 102.47 gradNorm: 77.06 time 1.01
  Train batch 169: loss: 105.94 gradNorm: 91.83 time 1.11
  Train batch 170: loss: 99.03 gradNorm: 60.04 time 1.08
  Train batch 171: loss: 181.83 gradNorm: 142.92 time 2.09
  Train batch 172: loss: 102.55 gradNorm: 72.76 time 0.94
  Train batch 173: loss: 97.06 gradNorm: 64.70 time 0.97
  Train batch 174: loss: 106.06 gradNorm: 71.47 time 1.39
  Train batch 175: loss: 105.12 gradNorm: 68.10 time 1.00
  Train batch 176: loss: 99.54 gradNorm: 68.45 time 0.89
  Train batch 177: loss: 103.63 gradNorm: 61.72 time 0.94
  Train batch 178: loss: 101.25 gradNorm: 74.66 time 0.90
  Train batch 179: loss: 94.19 gradNorm: 65.03 time 0.89
  Train batch 180: loss: 92.39 gradNorm: 59.81 time 0.88
  Train batch 181: loss: 93.50 gradNorm: 64.35 time 0.90
  Train batch 182: loss: 113.81 gradNorm: 64.97 time 0.81
  Train batch 183: loss: 98.65 gradNorm: 64.07 time 1.29
  Train batch 184: loss: 96.04 gradNorm: 59.77 time 0.90
  Train batch 185: loss: 95.25 gradNorm: 63.15 time 0.81
  Train batch 186: loss: 102.46 gradNorm: 61.26 time 1.06
  Train batch 187: loss: 118.91 gradNorm: 69.14 time 0.83
  Train batch 188: loss: 184.03 gradNorm: 120.17 time 1.89
  Train batch 189: loss: 96.04 gradNorm: 62.57 time 1.00
  Train batch 190: loss: 93.76 gradNorm: 57.95 time 0.78
  Train batch 191: loss: 82.44 gradNorm: 56.49 time 0.82
  Train batch 192: loss: 98.90 gradNorm: 72.03 time 0.99
  Train batch 193: loss: 91.07 gradNorm: 55.55 time 0.87
  Train batch 194: loss: 101.64 gradNorm: 60.47 time 1.23
  Train batch 195: loss: 116.93 gradNorm: 75.89 time 0.99
  Train batch 196: loss: 93.00 gradNorm: 60.27 time 1.01
  Train batch 197: loss: 93.48 gradNorm: 63.28 time 0.88
  Train batch 198: loss: 88.40 gradNorm: 57.22 time 0.81
  Train batch 199: loss: 88.81 gradNorm: 56.56 time 0.78
  Train batch 200: loss: 107.30 gradNorm: 66.14 time 1.00
  Val batch 200: CER: 0.8003 time 5.65
  Checkpoint saved /workspace/speechBCI/experiments/round2/transformer_256d_4L_8H_512ff/ckpt-200
  Train batch 201: loss: 101.10 gradNorm: 62.85 time 0.89
  Train batch 202: loss: 94.12 gradNorm: 59.15 time 0.79
  Train batch 203: loss: 177.35 gradNorm: 142.57 time 2.06
  Train batch 204: loss: 163.05 gradNorm: 98.58 time 1.64
  Train batch 205: loss: 91.70 gradNorm: 58.87 time 0.97
  Train batch 206: loss: 95.46 gradNorm: 59.11 time 0.82
  Train batch 207: loss: 88.33 gradNorm: 62.71 time 0.91
  Train batch 208: loss: 101.71 gradNorm: 59.17 time 0.96
  Train batch 209: loss: 111.06 gradNorm: 70.44 time 1.43
  Train batch 210: loss: 159.51 gradNorm: 90.27 time 1.72
  Train batch 211: loss: 93.91 gradNorm: 60.52 time 1.09
  Train batch 212: loss: 101.38 gradNorm: 57.53 time 1.16
  Train batch 213: loss: 88.66 gradNorm: 55.71 time 1.02
  Train batch 214: loss: 84.89 gradNorm: 55.63 time 1.10
  Train batch 215: loss: 174.39 gradNorm: 139.74 time 2.08
  Train batch 216: loss: 87.66 gradNorm: 53.25 time 0.71
  Train batch 217: loss: 94.76 gradNorm: 58.87 time 0.81
  Train batch 218: loss: 108.40 gradNorm: 62.41 time 1.01
  Train batch 219: loss: 95.36 gradNorm: 56.88 time 0.99
  Train batch 220: loss: 97.04 gradNorm: 65.45 time 1.16
  Train batch 221: loss: 87.79 gradNorm: 56.77 time 0.83
  Train batch 222: loss: 93.02 gradNorm: 57.67 time 1.07
  Train batch 223: loss: 89.85 gradNorm: 58.31 time 0.90
  Train batch 224: loss: 87.60 gradNorm: 56.96 time 0.82
  Train batch 225: loss: 88.32 gradNorm: 56.23 time 0.88
  Train batch 226: loss: 87.61 gradNorm: 54.13 time 0.81
  Train batch 227: loss: 89.36 gradNorm: 58.12 time 0.89
  Train batch 228: loss: 84.18 gradNorm: 61.05 time 1.02
  Train batch 229: loss: 87.89 gradNorm: 53.19 time 0.87
  Train batch 230: loss: 79.61 gradNorm: 50.68 time 0.69
  Train batch 231: loss: 93.83 gradNorm: 56.36 time 1.11
  Train batch 232: loss: 93.88 gradNorm: 61.58 time 1.21
  Train batch 233: loss: 104.82 gradNorm: 58.36 time 1.09
  Train batch 234: loss: 92.89 gradNorm: 60.41 time 1.06
  Train batch 235: loss: 90.22 gradNorm: 55.30 time 0.94
  Train batch 236: loss: 85.92 gradNorm: 54.70 time 0.97
  Train batch 237: loss: 83.55 gradNorm: 56.22 time 1.21
  Train batch 238: loss: 85.64 gradNorm: 53.59 time 1.02
  Train batch 239: loss: 92.02 gradNorm: 56.50 time 0.99
  Train batch 240: loss: 84.38 gradNorm: 52.73 time 0.86
  Train batch 241: loss: 92.81 gradNorm: 56.59 time 1.10
  Train batch 242: loss: 89.82 gradNorm: 54.65 time 0.95
  Train batch 243: loss: 85.79 gradNorm: 58.30 time 1.09
  Train batch 244: loss: 89.28 gradNorm: 54.93 time 0.89
  Train batch 245: loss: 83.71 gradNorm: 51.60 time 0.89
  Train batch 246: loss: 95.92 gradNorm: 57.20 time 0.91
  Train batch 247: loss: 85.92 gradNorm: 58.10 time 1.00
  Train batch 248: loss: 157.94 gradNorm: 129.62 time 2.00
  Train batch 249: loss: 87.78 gradNorm: 57.40 time 0.89
  Train batch 250: loss: 81.55 gradNorm: 49.33 time 0.81
  Train batch 251: loss: 88.25 gradNorm: 57.88 time 0.97
  Train batch 252: loss: 81.50 gradNorm: 53.30 time 0.81
  Train batch 253: loss: 87.62 gradNorm: 54.42 time 0.79
  Train batch 254: loss: 104.04 gradNorm: 70.68 time 1.42
  Train batch 255: loss: 82.73 gradNorm: 50.30 time 0.89
  Train batch 256: loss: 99.87 gradNorm: 59.38 time 0.90
  Train batch 257: loss: 154.12 gradNorm: 85.54 time 1.59
  Train batch 258: loss: 80.11 gradNorm: 49.05 time 0.87
  Train batch 259: loss: 83.47 gradNorm: 55.98 time 1.22
  Train batch 260: loss: 104.62 gradNorm: 62.19 time 1.00
  Train batch 261: loss: 79.63 gradNorm: 50.77 time 0.79
  Train batch 262: loss: 83.29 gradNorm: 51.54 time 1.08
  Train batch 263: loss: 84.17 gradNorm: 50.55 time 0.99
  Train batch 264: loss: 162.73 gradNorm: 90.24 time 1.74
  Train batch 265: loss: 85.82 gradNorm: 56.82 time 0.95
  Train batch 266: loss: 81.72 gradNorm: 53.06 time 1.01
  Train batch 267: loss: 86.99 gradNorm: 56.76 time 0.81
  Train batch 268: loss: 82.12 gradNorm: 56.80 time 0.82
  Train batch 269: loss: 102.33 gradNorm: 57.84 time 0.97
  Train batch 270: loss: 79.86 gradNorm: 55.86 time 0.80
  Train batch 271: loss: 87.62 gradNorm: 52.64 time 0.82
  Train batch 272: loss: 93.95 gradNorm: 54.56 time 0.91
  Train batch 273: loss: 80.60 gradNorm: 50.07 time 1.07
  Train batch 274: loss: 79.01 gradNorm: 53.34 time 1.01
  Train batch 275: loss: 78.38 gradNorm: 51.30 time 0.90
  Train batch 276: loss: 79.08 gradNorm: 52.70 time 1.00
  Train batch 277: loss: 83.83 gradNorm: 53.05 time 0.97
  Train batch 278: loss: 79.38 gradNorm: 52.80 time 0.83
  Train batch 279: loss: 100.47 gradNorm: 60.63 time 0.89
  Train batch 280: loss: 84.15 gradNorm: 54.99 time 0.80
  Train batch 281: loss: 88.21 gradNorm: 52.72 time 1.22
  Train batch 282: loss: 92.39 gradNorm: 53.96 time 1.00
  Train batch 283: loss: 80.28 gradNorm: 49.94 time 0.85
  Train batch 284: loss: 84.64 gradNorm: 50.27 time 1.03
  Train batch 285: loss: 100.09 gradNorm: 64.68 time 1.47
  Train batch 286: loss: 91.99 gradNorm: 54.51 time 0.94
  Train batch 287: loss: 79.76 gradNorm: 49.89 time 0.85
  Train batch 288: loss: 77.05 gradNorm: 49.01 time 0.92
  Train batch 289: loss: 79.73 gradNorm: 51.08 time 0.82
  Train batch 290: loss: 81.40 gradNorm: 52.69 time 1.28
  Train batch 291: loss: 77.91 gradNorm: 49.34 time 0.88
  Train batch 292: loss: 94.65 gradNorm: 55.93 time 1.01
  Train batch 293: loss: 77.23 gradNorm: 49.00 time 0.79
  Train batch 294: loss: 78.27 gradNorm: 51.79 time 0.84
  Train batch 295: loss: 87.52 gradNorm: 55.97 time 1.48
  Train batch 296: loss: 77.91 gradNorm: 49.24 time 0.99
  Train batch 297: loss: 79.72 gradNorm: 52.10 time 0.81
  Train batch 298: loss: 170.04 gradNorm: 145.91 time 2.01
  Train batch 299: loss: 77.65 gradNorm: 49.78 time 0.90
  Train batch 300: loss: 84.52 gradNorm: 51.41 time 1.10
  Train batch 301: loss: 164.04 gradNorm: 143.39 time 1.98
  Train batch 302: loss: 74.85 gradNorm: 47.52 time 0.81
  Train batch 303: loss: 77.88 gradNorm: 49.90 time 1.41
  Train batch 304: loss: 97.99 gradNorm: 59.00 time 1.47
  Train batch 305: loss: 78.55 gradNorm: 53.32 time 0.80
  Train batch 306: loss: 81.73 gradNorm: 53.35 time 1.04
  Train batch 307: loss: 72.51 gradNorm: 47.86 time 0.89
  Train batch 308: loss: 75.97 gradNorm: 48.47 time 0.80
  Train batch 309: loss: 77.70 gradNorm: 54.43 time 0.88
  Train batch 310: loss: 87.94 gradNorm: 53.55 time 0.99
  Train batch 311: loss: 96.38 gradNorm: 58.12 time 1.00
  Train batch 312: loss: 98.34 gradNorm: 59.24 time 1.00
  Train batch 313: loss: 71.77 gradNorm: 48.38 time 1.02
  Train batch 314: loss: 88.24 gradNorm: 54.88 time 1.19
  Train batch 315: loss: 75.94 gradNorm: 47.95 time 0.79
  Train batch 316: loss: 163.18 gradNorm: 119.40 time 1.89
  Train batch 317: loss: 76.12 gradNorm: 50.65 time 0.83
  Train batch 318: loss: 146.72 gradNorm: 76.59 time 1.80
  Train batch 319: loss: 73.93 gradNorm: 46.20 time 0.92
  Train batch 320: loss: 83.02 gradNorm: 49.92 time 0.81
  Train batch 321: loss: 70.42 gradNorm: 46.25 time 0.90
  Train batch 322: loss: 76.66 gradNorm: 50.48 time 1.19
  Train batch 323: loss: 73.72 gradNorm: 47.67 time 0.98
  Train batch 324: loss: 145.58 gradNorm: 76.55 time 1.79
  Train batch 325: loss: 75.22 gradNorm: 46.39 time 0.82
  Train batch 326: loss: 72.37 gradNorm: 48.86 time 0.71
  Train batch 327: loss: 77.38 gradNorm: 51.73 time 1.00
  Train batch 328: loss: 90.93 gradNorm: 53.65 time 0.97
  Train batch 329: loss: 157.27 gradNorm: 104.68 time 1.93
  Train batch 330: loss: 78.35 gradNorm: 50.31 time 0.99
  Train batch 331: loss: 78.60 gradNorm: 52.75 time 0.91
  Train batch 332: loss: 73.83 gradNorm: 46.78 time 0.85
  Train batch 333: loss: 73.18 gradNorm: 48.42 time 1.22
  Train batch 334: loss: 86.43 gradNorm: 52.45 time 0.91
  Train batch 335: loss: 143.92 gradNorm: 72.45 time 1.77
  Train batch 336: loss: 78.81 gradNorm: 47.74 time 0.99
  Train batch 337: loss: 83.66 gradNorm: 49.70 time 1.12
  Train batch 338: loss: 70.79 gradNorm: 45.38 time 0.73
  Train batch 339: loss: 77.12 gradNorm: 47.91 time 0.98
  Train batch 340: loss: 74.80 gradNorm: 48.82 time 0.70
  Train batch 341: loss: 78.03 gradNorm: 50.35 time 0.80
  Train batch 342: loss: 73.96 gradNorm: 49.41 time 0.81
  Train batch 343: loss: 69.34 gradNorm: 45.73 time 0.70
  Train batch 344: loss: 70.30 gradNorm: 47.39 time 0.95
  Train batch 345: loss: 75.40 gradNorm: 49.49 time 0.92
  Train batch 346: loss: 68.68 gradNorm: 45.62 time 0.70
  Train batch 347: loss: 84.93 gradNorm: 51.85 time 1.11
  Train batch 348: loss: 70.13 gradNorm: 43.89 time 0.70
  Train batch 349: loss: 76.79 gradNorm: 46.75 time 0.96
  Train batch 350: loss: 152.47 gradNorm: 113.95 time 1.94
  Train batch 351: loss: 75.38 gradNorm: 49.95 time 0.87
  Train batch 352: loss: 75.08 gradNorm: 48.61 time 0.92
  Train batch 353: loss: 93.41 gradNorm: 58.10 time 0.90
  Train batch 354: loss: 74.98 gradNorm: 48.11 time 1.27
  Train batch 355: loss: 71.36 gradNorm: 46.32 time 0.81
  Train batch 356: loss: 72.26 gradNorm: 46.26 time 0.80
  Train batch 357: loss: 73.92 gradNorm: 48.76 time 0.89
  Train batch 358: loss: 70.09 gradNorm: 44.81 time 1.01
  Train batch 359: loss: 72.07 gradNorm: 46.06 time 0.78
  Train batch 360: loss: 76.72 gradNorm: 54.12 time 0.89
  Train batch 361: loss: 69.66 gradNorm: 47.46 time 0.94
  Train batch 362: loss: 71.61 gradNorm: 46.76 time 0.85
  Train batch 363: loss: 70.61 gradNorm: 46.37 time 0.84
  Train batch 364: loss: 146.83 gradNorm: 78.76 time 1.79
  Train batch 365: loss: 138.33 gradNorm: 73.06 time 1.70
  Train batch 366: loss: 70.14 gradNorm: 46.08 time 1.00
  Train batch 367: loss: 71.06 gradNorm: 48.01 time 0.90
  Train batch 368: loss: 81.03 gradNorm: 47.77 time 1.10
  Train batch 369: loss: 78.12 gradNorm: 49.55 time 0.91
  Train batch 370: loss: 74.11 gradNorm: 47.13 time 1.08
  Train batch 371: loss: 76.29 gradNorm: 45.77 time 0.97
  Train batch 372: loss: 72.48 gradNorm: 47.13 time 0.82
  Train batch 373: loss: 69.66 gradNorm: 44.07 time 0.79
  Train batch 374: loss: 76.67 gradNorm: 46.94 time 0.93
  Train batch 375: loss: 69.50 gradNorm: 45.64 time 0.89
  Train batch 376: loss: 71.45 gradNorm: 45.00 time 0.78
  Train batch 377: loss: 148.04 gradNorm: 75.53 time 1.79
  Train batch 378: loss: 74.66 gradNorm: 47.76 time 0.82
  Train batch 379: loss: 69.64 gradNorm: 43.10 time 0.79
  Train batch 380: loss: 69.88 gradNorm: 44.90 time 0.80
  Train batch 381: loss: 76.81 gradNorm: 52.35 time 0.88
  Train batch 382: loss: 74.58 gradNorm: 46.53 time 1.01
  Train batch 383: loss: 73.42 gradNorm: 49.04 time 0.99
  Train batch 384: loss: 74.52 gradNorm: 47.79 time 0.80
  Train batch 385: loss: 135.93 gradNorm: 73.01 time 1.81
  Train batch 386: loss: 73.04 gradNorm: 48.71 time 1.22
  Train batch 387: loss: 148.44 gradNorm: 73.82 time 1.78
  Train batch 388: loss: 74.38 gradNorm: 46.91 time 0.89
  Train batch 389: loss: 134.26 gradNorm: 70.49 time 1.61
  Train batch 390: loss: 77.28 gradNorm: 48.96 time 1.08
  Train batch 391: loss: 72.69 gradNorm: 45.78 time 0.99
  Train batch 392: loss: 70.61 gradNorm: 45.38 time 0.81
  Train batch 393: loss: 63.39 gradNorm: 43.01 time 0.71
  Train batch 394: loss: 77.26 gradNorm: 47.64 time 1.11
  Train batch 395: loss: 71.82 gradNorm: 49.31 time 1.00
  Train batch 396: loss: 66.91 gradNorm: 43.79 time 0.77
  Train batch 397: loss: 72.92 gradNorm: 53.15 time 0.89
  Train batch 398: loss: 69.34 gradNorm: 46.35 time 0.93
  Train batch 399: loss: 71.71 gradNorm: 48.56 time 0.90
  Train batch 400: loss: 68.96 gradNorm: 46.15 time 0.78
  Val batch 400: CER: 0.6767 time 4.83
  Checkpoint saved /workspace/speechBCI/experiments/round2/transformer_256d_4L_8H_512ff/ckpt-400
  Train batch 401: loss: 65.77 gradNorm: 46.00 time 0.82
  Train batch 402: loss: 67.64 gradNorm: 44.95 time 0.89
  Train batch 403: loss: 70.66 gradNorm: 54.95 time 0.94
  Train batch 404: loss: 65.91 gradNorm: 50.06 time 0.94
  Train batch 405: loss: 142.19 gradNorm: 74.96 time 1.83
  Train batch 406: loss: 73.56 gradNorm: 49.63 time 0.88
  Train batch 407: loss: 68.52 gradNorm: 45.32 time 0.79
  Train batch 408: loss: 89.41 gradNorm: 59.34 time 0.93
  Train batch 409: loss: 64.88 gradNorm: 43.52 time 0.86
  Train batch 410: loss: 71.57 gradNorm: 48.59 time 0.82
  Train batch 411: loss: 68.51 gradNorm: 44.45 time 0.80
  Train batch 412: loss: 70.67 gradNorm: 47.05 time 0.82
  Train batch 413: loss: 69.70 gradNorm: 45.63 time 0.97
  Train batch 414: loss: 67.88 gradNorm: 45.68 time 1.01
  Train batch 415: loss: 89.55 gradNorm: 61.29 time 1.41
  Train batch 416: loss: 70.39 gradNorm: 48.78 time 0.86
  Train batch 417: loss: 66.96 gradNorm: 46.67 time 0.93
  Train batch 418: loss: 68.33 gradNorm: 43.58 time 1.27
  Train batch 419: loss: 64.42 gradNorm: 44.03 time 0.72
  Train batch 420: loss: 68.36 gradNorm: 45.55 time 0.82
  Train batch 421: loss: 69.19 gradNorm: 45.98 time 0.81
  Train batch 422: loss: 66.08 gradNorm: 43.78 time 0.79
  Train batch 423: loss: 68.32 gradNorm: 45.05 time 0.75
  Train batch 424: loss: 131.78 gradNorm: 67.21 time 1.58
  Train batch 425: loss: 73.10 gradNorm: 45.77 time 0.90
  Train batch 426: loss: 143.99 gradNorm: 113.05 time 1.98
  Train batch 427: loss: 67.67 gradNorm: 44.54 time 1.02
  Train batch 428: loss: 71.40 gradNorm: 46.60 time 1.38
  Train batch 429: loss: 69.52 gradNorm: 47.51 time 0.93
  Train batch 430: loss: 71.76 gradNorm: 46.56 time 0.97
  Train batch 431: loss: 74.69 gradNorm: 47.18 time 0.89
  Train batch 432: loss: 66.81 gradNorm: 43.03 time 0.90
  Train batch 433: loss: 64.79 gradNorm: 43.83 time 0.71
  Train batch 434: loss: 73.50 gradNorm: 47.47 time 0.90
  Train batch 435: loss: 67.73 gradNorm: 43.49 time 0.81
